2019-01-19 17:58:01,583 +0530 [main] INFO  (CrawlerUtil2.java:97) - Inilial link size is -> 283
2019-01-19 18:03:50,823 +0530 [0-10] INFO  (CrawlerUtil2.java:121) - 0-10:: End Iteration-->startIteration=>0 endIteration=>10
2019-01-19 18:27:29,741 +0530 [main] INFO  (CrawlerUtil2.java:105) - Inilial link size is -> 283
2019-01-19 18:29:16,346 +0530 [main] INFO  (CrawlerUtil2.java:105) - Inilial link size is -> 283
2019-01-19 18:29:44,623 +0530 [255-283] INFO  (CrawlerUtil2.java:129) - 255-283:: End Iteration-->startIteration=>255 endIteration=>283
2019-01-19 18:29:46,778 +0530 [204-254] INFO  (CrawlerUtil2.java:129) - 204-254:: End Iteration-->startIteration=>204 endIteration=>254
2019-01-19 18:29:53,871 +0530 [102-152] INFO  (CrawlerUtil2.java:129) - 102-152:: End Iteration-->startIteration=>102 endIteration=>152
2019-01-19 18:30:44,379 +0530 [0-50] INFO  (CrawlerUtil2.java:129) - 0-50:: End Iteration-->startIteration=>0 endIteration=>50
2019-01-19 18:30:45,190 +0530 [153-203] INFO  (CrawlerUtil2.java:129) - 153-203:: End Iteration-->startIteration=>153 endIteration=>203
2019-01-19 18:31:10,778 +0530 [51-101] INFO  (CrawlerUtil2.java:129) - 51-101:: End Iteration-->startIteration=>51 endIteration=>101
2019-01-19 18:31:10,778 +0530 [main] INFO  (CrawlerUtil2.java:140) - before loop termination size of Map=>859
2019-01-19 18:34:10,626 +0530 [http-nio-8080-exec-4] INFO  (CrawlerUtil2.java:102) - Inilial link size is -> 283
2019-01-19 18:34:28,284 +0530 [255-283] INFO  (CrawlerUtil2.java:126) - 255-283:: End Iteration-->startIteration=>255 endIteration=>283
2019-01-19 18:34:34,368 +0530 [0-50] INFO  (CrawlerUtil2.java:126) - 0-50:: End Iteration-->startIteration=>0 endIteration=>50
2019-01-19 18:34:35,068 +0530 [204-254] INFO  (CrawlerUtil2.java:126) - 204-254:: End Iteration-->startIteration=>204 endIteration=>254
2019-01-19 18:34:35,493 +0530 [51-101] INFO  (CrawlerUtil2.java:126) - 51-101:: End Iteration-->startIteration=>51 endIteration=>101
2019-01-19 18:36:04,143 +0530 [153-203] INFO  (CrawlerUtil2.java:126) - 153-203:: End Iteration-->startIteration=>153 endIteration=>203
2019-01-19 18:36:21,158 +0530 [102-152] INFO  (CrawlerUtil2.java:126) - 102-152:: End Iteration-->startIteration=>102 endIteration=>152
2019-01-19 18:36:21,160 +0530 [http-nio-8080-exec-4] INFO  (CrawlerUtil2.java:137) - before loop termination size of Map=>859
2019-01-19 19:16:23,146 +0530 [http-nio-8080-exec-1] INFO  (CrawlerUtil2.java:98) - Inilial link size is -> 283
2019-01-19 19:16:31,048 +0530 [44-54] INFO  (CrawlerUtil2.java:121) - 44-54:: End Iteration-->startIteration=>44 endIteration=>54
2019-01-19 19:16:31,050 +0530 [110-120] INFO  (CrawlerUtil2.java:121) - 110-120:: End Iteration-->startIteration=>110 endIteration=>120
2019-01-19 19:16:31,050 +0530 [121-131] INFO  (CrawlerUtil2.java:121) - 121-131:: End Iteration-->startIteration=>121 endIteration=>131
2019-01-19 19:16:31,053 +0530 [132-142] INFO  (CrawlerUtil2.java:121) - 132-142:: End Iteration-->startIteration=>132 endIteration=>142
2019-01-19 19:16:31,053 +0530 [143-153] INFO  (CrawlerUtil2.java:121) - 143-153:: End Iteration-->startIteration=>143 endIteration=>153
2019-01-19 19:16:31,053 +0530 [154-164] INFO  (CrawlerUtil2.java:121) - 154-164:: End Iteration-->startIteration=>154 endIteration=>164
2019-01-19 19:16:31,053 +0530 [165-175] INFO  (CrawlerUtil2.java:121) - 165-175:: End Iteration-->startIteration=>165 endIteration=>175
2019-01-19 19:16:31,053 +0530 [176-186] INFO  (CrawlerUtil2.java:121) - 176-186:: End Iteration-->startIteration=>176 endIteration=>186
2019-01-19 19:16:31,053 +0530 [187-197] INFO  (CrawlerUtil2.java:121) - 187-197:: End Iteration-->startIteration=>187 endIteration=>197
2019-01-19 19:16:31,055 +0530 [198-208] INFO  (CrawlerUtil2.java:121) - 198-208:: End Iteration-->startIteration=>198 endIteration=>208
2019-01-19 19:16:31,055 +0530 [209-219] INFO  (CrawlerUtil2.java:121) - 209-219:: End Iteration-->startIteration=>209 endIteration=>219
2019-01-19 19:16:31,055 +0530 [220-230] INFO  (CrawlerUtil2.java:121) - 220-230:: End Iteration-->startIteration=>220 endIteration=>230
2019-01-19 19:16:31,055 +0530 [231-241] INFO  (CrawlerUtil2.java:121) - 231-241:: End Iteration-->startIteration=>231 endIteration=>241
2019-01-19 19:16:31,305 +0530 [66-76] INFO  (CrawlerUtil2.java:121) - 66-76:: End Iteration-->startIteration=>66 endIteration=>76
2019-01-19 19:16:31,305 +0530 [253-263] INFO  (CrawlerUtil2.java:121) - 253-263:: End Iteration-->startIteration=>253 endIteration=>263
2019-01-19 19:16:31,564 +0530 [22-32] INFO  (CrawlerUtil2.java:121) - 22-32:: End Iteration-->startIteration=>22 endIteration=>32
2019-01-19 19:16:31,564 +0530 [275-283] INFO  (CrawlerUtil2.java:121) - 275-283:: End Iteration-->startIteration=>275 endIteration=>283
2019-01-19 19:16:31,564 +0530 [286-283] INFO  (CrawlerUtil2.java:121) - 286-283:: End Iteration-->startIteration=>286 endIteration=>283
2019-01-19 19:16:31,564 +0530 [297-283] INFO  (CrawlerUtil2.java:121) - 297-283:: End Iteration-->startIteration=>297 endIteration=>283
2019-01-19 19:16:31,581 +0530 [308-283] INFO  (CrawlerUtil2.java:121) - 308-283:: End Iteration-->startIteration=>308 endIteration=>283
2019-01-19 19:16:32,086 +0530 [11-21] INFO  (CrawlerUtil2.java:121) - 11-21:: End Iteration-->startIteration=>11 endIteration=>21
2019-01-19 19:16:32,391 +0530 [264-274] INFO  (CrawlerUtil2.java:121) - 264-274:: End Iteration-->startIteration=>264 endIteration=>274
2019-01-19 19:16:32,749 +0530 [33-43] INFO  (CrawlerUtil2.java:121) - 33-43:: End Iteration-->startIteration=>33 endIteration=>43
2019-01-19 19:16:38,357 +0530 [242-252] INFO  (CrawlerUtil2.java:121) - 242-252:: End Iteration-->startIteration=>242 endIteration=>252
2019-01-19 19:16:38,532 +0530 [88-98] INFO  (CrawlerUtil2.java:121) - 88-98:: End Iteration-->startIteration=>88 endIteration=>98
2019-01-19 19:16:59,030 +0530 [0-10] INFO  (CrawlerUtil2.java:121) - 0-10:: End Iteration-->startIteration=>0 endIteration=>10
2019-01-19 19:17:20,050 +0530 [99-109] INFO  (CrawlerUtil2.java:121) - 99-109:: End Iteration-->startIteration=>99 endIteration=>109
2019-01-19 19:17:38,926 +0530 [77-87] INFO  (CrawlerUtil2.java:121) - 77-87:: End Iteration-->startIteration=>77 endIteration=>87
2019-01-19 19:17:46,898 +0530 [55-65] INFO  (CrawlerUtil2.java:121) - 55-65:: End Iteration-->startIteration=>55 endIteration=>65
2019-01-19 19:17:46,898 +0530 [http-nio-8080-exec-1] INFO  (CrawlerUtil2.java:132) - before loop termination size of Map=>859
2019-01-19 19:25:05,121 +0530 [http-nio-8080-exec-2] INFO  (CrawlerUtil2.java:98) - Inilial link size is -> 283
2019-01-19 19:25:13,540 +0530 [77-87] INFO  (CrawlerUtil2.java:121) - 77-87:: End Iteration-->startIteration=>77 endIteration=>87
2019-01-19 19:25:13,545 +0530 [110-120] INFO  (CrawlerUtil2.java:121) - 110-120:: End Iteration-->startIteration=>110 endIteration=>120
2019-01-19 19:25:13,545 +0530 [121-131] INFO  (CrawlerUtil2.java:121) - 121-131:: End Iteration-->startIteration=>121 endIteration=>131
2019-01-19 19:25:13,545 +0530 [132-142] INFO  (CrawlerUtil2.java:121) - 132-142:: End Iteration-->startIteration=>132 endIteration=>142
2019-01-19 19:25:13,545 +0530 [143-153] INFO  (CrawlerUtil2.java:121) - 143-153:: End Iteration-->startIteration=>143 endIteration=>153
2019-01-19 19:25:13,545 +0530 [154-164] INFO  (CrawlerUtil2.java:121) - 154-164:: End Iteration-->startIteration=>154 endIteration=>164
2019-01-19 19:25:13,548 +0530 [165-175] INFO  (CrawlerUtil2.java:121) - 165-175:: End Iteration-->startIteration=>165 endIteration=>175
2019-01-19 19:25:13,548 +0530 [176-186] INFO  (CrawlerUtil2.java:121) - 176-186:: End Iteration-->startIteration=>176 endIteration=>186
2019-01-19 19:25:13,548 +0530 [187-197] INFO  (CrawlerUtil2.java:121) - 187-197:: End Iteration-->startIteration=>187 endIteration=>197
2019-01-19 19:25:13,548 +0530 [198-208] INFO  (CrawlerUtil2.java:121) - 198-208:: End Iteration-->startIteration=>198 endIteration=>208
2019-01-19 19:25:13,548 +0530 [209-219] INFO  (CrawlerUtil2.java:121) - 209-219:: End Iteration-->startIteration=>209 endIteration=>219
2019-01-19 19:25:13,548 +0530 [220-230] INFO  (CrawlerUtil2.java:121) - 220-230:: End Iteration-->startIteration=>220 endIteration=>230
2019-01-19 19:25:13,548 +0530 [231-241] INFO  (CrawlerUtil2.java:121) - 231-241:: End Iteration-->startIteration=>231 endIteration=>241
2019-01-19 19:25:13,903 +0530 [242-252] INFO  (CrawlerUtil2.java:121) - 242-252:: End Iteration-->startIteration=>242 endIteration=>252
2019-01-19 19:25:13,905 +0530 [253-263] INFO  (CrawlerUtil2.java:121) - 253-263:: End Iteration-->startIteration=>253 endIteration=>263
2019-01-19 19:25:13,905 +0530 [264-274] INFO  (CrawlerUtil2.java:121) - 264-274:: End Iteration-->startIteration=>264 endIteration=>274
2019-01-19 19:25:13,905 +0530 [275-283] INFO  (CrawlerUtil2.java:121) - 275-283:: End Iteration-->startIteration=>275 endIteration=>283
2019-01-19 19:25:13,905 +0530 [286-283] INFO  (CrawlerUtil2.java:121) - 286-283:: End Iteration-->startIteration=>286 endIteration=>283
2019-01-19 19:25:13,905 +0530 [297-283] INFO  (CrawlerUtil2.java:121) - 297-283:: End Iteration-->startIteration=>297 endIteration=>283
2019-01-19 19:25:13,905 +0530 [308-283] INFO  (CrawlerUtil2.java:121) - 308-283:: End Iteration-->startIteration=>308 endIteration=>283
2019-01-19 19:25:14,153 +0530 [44-54] INFO  (CrawlerUtil2.java:121) - 44-54:: End Iteration-->startIteration=>44 endIteration=>54
2019-01-19 19:25:19,244 +0530 [0-10] INFO  (CrawlerUtil2.java:121) - 0-10:: End Iteration-->startIteration=>0 endIteration=>10
2019-01-19 19:25:22,277 +0530 [11-21] INFO  (CrawlerUtil2.java:121) - 11-21:: End Iteration-->startIteration=>11 endIteration=>21
2019-01-19 19:25:22,324 +0530 [33-43] INFO  (CrawlerUtil2.java:121) - 33-43:: End Iteration-->startIteration=>33 endIteration=>43
2019-01-19 19:25:28,640 +0530 [55-65] INFO  (CrawlerUtil2.java:121) - 55-65:: End Iteration-->startIteration=>55 endIteration=>65
2019-01-19 19:25:32,903 +0530 [22-32] INFO  (CrawlerUtil2.java:121) - 22-32:: End Iteration-->startIteration=>22 endIteration=>32
2019-01-19 19:26:13,350 +0530 [99-109] INFO  (CrawlerUtil2.java:121) - 99-109:: End Iteration-->startIteration=>99 endIteration=>109
2019-01-19 19:26:17,498 +0530 [66-76] INFO  (CrawlerUtil2.java:121) - 66-76:: End Iteration-->startIteration=>66 endIteration=>76
2019-01-19 19:26:17,606 +0530 [88-98] INFO  (CrawlerUtil2.java:121) - 88-98:: End Iteration-->startIteration=>88 endIteration=>98
2019-01-19 19:26:17,609 +0530 [http-nio-8080-exec-2] INFO  (CrawlerUtil2.java:132) - before loop termination size of Map=>859
2019-01-19 19:33:53,624 +0530 [http-nio-8080-exec-6] INFO  (CrawlerUtil2.java:98) - Inilial link size is -> 283
2019-01-19 19:34:02,099 +0530 [33-43] INFO  (CrawlerUtil2.java:121) - 33-43:: End Iteration-->startIteration=>33 endIteration=>43
2019-01-19 19:34:02,104 +0530 [110-120] INFO  (CrawlerUtil2.java:121) - 110-120:: End Iteration-->startIteration=>110 endIteration=>120
2019-01-19 19:34:02,104 +0530 [121-131] INFO  (CrawlerUtil2.java:121) - 121-131:: End Iteration-->startIteration=>121 endIteration=>131
2019-01-19 19:34:02,104 +0530 [132-142] INFO  (CrawlerUtil2.java:121) - 132-142:: End Iteration-->startIteration=>132 endIteration=>142
2019-01-19 19:34:02,107 +0530 [143-153] INFO  (CrawlerUtil2.java:121) - 143-153:: End Iteration-->startIteration=>143 endIteration=>153
2019-01-19 19:34:02,107 +0530 [154-164] INFO  (CrawlerUtil2.java:121) - 154-164:: End Iteration-->startIteration=>154 endIteration=>164
2019-01-19 19:34:02,109 +0530 [165-175] INFO  (CrawlerUtil2.java:121) - 165-175:: End Iteration-->startIteration=>165 endIteration=>175
2019-01-19 19:34:02,109 +0530 [176-186] INFO  (CrawlerUtil2.java:121) - 176-186:: End Iteration-->startIteration=>176 endIteration=>186
2019-01-19 19:34:02,109 +0530 [187-197] INFO  (CrawlerUtil2.java:121) - 187-197:: End Iteration-->startIteration=>187 endIteration=>197
2019-01-19 19:34:02,109 +0530 [198-208] INFO  (CrawlerUtil2.java:121) - 198-208:: End Iteration-->startIteration=>198 endIteration=>208
2019-01-19 19:34:02,112 +0530 [209-219] INFO  (CrawlerUtil2.java:121) - 209-219:: End Iteration-->startIteration=>209 endIteration=>219
2019-01-19 19:34:02,112 +0530 [220-230] INFO  (CrawlerUtil2.java:121) - 220-230:: End Iteration-->startIteration=>220 endIteration=>230
2019-01-19 19:34:02,112 +0530 [231-241] INFO  (CrawlerUtil2.java:121) - 231-241:: End Iteration-->startIteration=>231 endIteration=>241
2019-01-19 19:34:02,684 +0530 [66-76] INFO  (CrawlerUtil2.java:121) - 66-76:: End Iteration-->startIteration=>66 endIteration=>76
2019-01-19 19:34:02,684 +0530 [253-263] INFO  (CrawlerUtil2.java:121) - 253-263:: End Iteration-->startIteration=>253 endIteration=>263
2019-01-19 19:34:02,684 +0530 [264-274] INFO  (CrawlerUtil2.java:121) - 264-274:: End Iteration-->startIteration=>264 endIteration=>274
2019-01-19 19:34:02,684 +0530 [275-283] INFO  (CrawlerUtil2.java:121) - 275-283:: End Iteration-->startIteration=>275 endIteration=>283
2019-01-19 19:34:02,684 +0530 [286-283] INFO  (CrawlerUtil2.java:121) - 286-283:: End Iteration-->startIteration=>286 endIteration=>283
2019-01-19 19:34:02,684 +0530 [297-283] INFO  (CrawlerUtil2.java:121) - 297-283:: End Iteration-->startIteration=>297 endIteration=>283
2019-01-19 19:34:02,686 +0530 [308-283] INFO  (CrawlerUtil2.java:121) - 308-283:: End Iteration-->startIteration=>308 endIteration=>283
2019-01-19 19:34:06,674 +0530 [77-87] INFO  (CrawlerUtil2.java:121) - 77-87:: End Iteration-->startIteration=>77 endIteration=>87
2019-01-19 19:34:08,696 +0530 [0-10] INFO  (CrawlerUtil2.java:121) - 0-10:: End Iteration-->startIteration=>0 endIteration=>10
2019-01-19 19:34:09,131 +0530 [88-98] INFO  (CrawlerUtil2.java:121) - 88-98:: End Iteration-->startIteration=>88 endIteration=>98
2019-01-19 19:34:12,502 +0530 [242-252] INFO  (CrawlerUtil2.java:121) - 242-252:: End Iteration-->startIteration=>242 endIteration=>252
2019-01-19 19:34:13,406 +0530 [44-54] INFO  (CrawlerUtil2.java:121) - 44-54:: End Iteration-->startIteration=>44 endIteration=>54
2019-01-19 19:34:15,430 +0530 [22-32] INFO  (CrawlerUtil2.java:121) - 22-32:: End Iteration-->startIteration=>22 endIteration=>32
2019-01-19 19:34:49,570 +0530 [55-65] INFO  (CrawlerUtil2.java:121) - 55-65:: End Iteration-->startIteration=>55 endIteration=>65
2019-01-19 19:35:10,544 +0530 [11-21] INFO  (CrawlerUtil2.java:121) - 11-21:: End Iteration-->startIteration=>11 endIteration=>21
2019-01-19 19:35:20,367 +0530 [99-109] INFO  (CrawlerUtil2.java:121) - 99-109:: End Iteration-->startIteration=>99 endIteration=>109
2019-01-19 19:35:20,369 +0530 [http-nio-8080-exec-6] INFO  (CrawlerUtil2.java:132) - before loop termination size of Map=>859
2019-01-20 00:28:17,316 +0530 [http-nio-8080-exec-7] INFO  (CrawlerUtil2.java:98) - Inilial link size is -> 283
2019-01-20 00:28:25,109 +0530 [33-43] INFO  (CrawlerUtil2.java:121) - 33-43:: End Iteration-->startIteration=>33 endIteration=>43
2019-01-20 00:28:25,134 +0530 [110-120] INFO  (CrawlerUtil2.java:121) - 110-120:: End Iteration-->startIteration=>110 endIteration=>120
2019-01-20 00:28:25,134 +0530 [121-131] INFO  (CrawlerUtil2.java:121) - 121-131:: End Iteration-->startIteration=>121 endIteration=>131
2019-01-20 00:28:25,134 +0530 [132-142] INFO  (CrawlerUtil2.java:121) - 132-142:: End Iteration-->startIteration=>132 endIteration=>142
2019-01-20 00:28:25,134 +0530 [143-153] INFO  (CrawlerUtil2.java:121) - 143-153:: End Iteration-->startIteration=>143 endIteration=>153
2019-01-20 00:28:25,136 +0530 [154-164] INFO  (CrawlerUtil2.java:121) - 154-164:: End Iteration-->startIteration=>154 endIteration=>164
2019-01-20 00:28:25,136 +0530 [165-175] INFO  (CrawlerUtil2.java:121) - 165-175:: End Iteration-->startIteration=>165 endIteration=>175
2019-01-20 00:28:25,136 +0530 [176-186] INFO  (CrawlerUtil2.java:121) - 176-186:: End Iteration-->startIteration=>176 endIteration=>186
2019-01-20 00:28:25,136 +0530 [187-197] INFO  (CrawlerUtil2.java:121) - 187-197:: End Iteration-->startIteration=>187 endIteration=>197
2019-01-20 00:28:25,136 +0530 [198-208] INFO  (CrawlerUtil2.java:121) - 198-208:: End Iteration-->startIteration=>198 endIteration=>208
2019-01-20 00:28:25,136 +0530 [209-219] INFO  (CrawlerUtil2.java:121) - 209-219:: End Iteration-->startIteration=>209 endIteration=>219
2019-01-20 00:28:25,144 +0530 [220-230] INFO  (CrawlerUtil2.java:121) - 220-230:: End Iteration-->startIteration=>220 endIteration=>230
2019-01-20 00:28:25,144 +0530 [231-241] INFO  (CrawlerUtil2.java:121) - 231-241:: End Iteration-->startIteration=>231 endIteration=>241
2019-01-20 00:28:25,999 +0530 [88-98] INFO  (CrawlerUtil2.java:121) - 88-98:: End Iteration-->startIteration=>88 endIteration=>98
2019-01-20 00:28:26,304 +0530 [253-263] INFO  (CrawlerUtil2.java:121) - 253-263:: End Iteration-->startIteration=>253 endIteration=>263
2019-01-20 00:28:27,109 +0530 [11-21] INFO  (CrawlerUtil2.java:121) - 11-21:: End Iteration-->startIteration=>11 endIteration=>21
2019-01-20 00:28:27,109 +0530 [275-283] INFO  (CrawlerUtil2.java:121) - 275-283:: End Iteration-->startIteration=>275 endIteration=>283
2019-01-20 00:28:27,109 +0530 [286-283] INFO  (CrawlerUtil2.java:121) - 286-283:: End Iteration-->startIteration=>286 endIteration=>283
2019-01-20 00:28:27,111 +0530 [297-283] INFO  (CrawlerUtil2.java:121) - 297-283:: End Iteration-->startIteration=>297 endIteration=>283
2019-01-20 00:28:27,118 +0530 [308-283] INFO  (CrawlerUtil2.java:121) - 308-283:: End Iteration-->startIteration=>308 endIteration=>283
2019-01-20 00:28:27,228 +0530 [264-274] INFO  (CrawlerUtil2.java:121) - 264-274:: End Iteration-->startIteration=>264 endIteration=>274
2019-01-20 00:28:27,345 +0530 [99-109] INFO  (CrawlerUtil2.java:121) - 99-109:: End Iteration-->startIteration=>99 endIteration=>109
2019-01-20 00:28:27,872 +0530 [44-54] INFO  (CrawlerUtil2.java:121) - 44-54:: End Iteration-->startIteration=>44 endIteration=>54
2019-01-20 00:28:33,001 +0530 [242-252] INFO  (CrawlerUtil2.java:121) - 242-252:: End Iteration-->startIteration=>242 endIteration=>252
2019-01-20 00:28:35,538 +0530 [66-76] INFO  (CrawlerUtil2.java:121) - 66-76:: End Iteration-->startIteration=>66 endIteration=>76
2019-01-20 00:28:38,348 +0530 [0-10] INFO  (CrawlerUtil2.java:121) - 0-10:: End Iteration-->startIteration=>0 endIteration=>10
2019-01-20 00:28:46,606 +0530 [55-65] INFO  (CrawlerUtil2.java:121) - 55-65:: End Iteration-->startIteration=>55 endIteration=>65
2019-01-20 00:29:59,815 +0530 [77-87] INFO  (CrawlerUtil2.java:121) - 77-87:: End Iteration-->startIteration=>77 endIteration=>87
2019-01-20 00:30:08,013 +0530 [22-32] INFO  (CrawlerUtil2.java:121) - 22-32:: End Iteration-->startIteration=>22 endIteration=>32
2019-01-20 00:30:08,015 +0530 [http-nio-8080-exec-7] INFO  (CrawlerUtil2.java:132) - before loop termination size of Map=>859
2019-01-20 01:08:40,726 +0530 [http-nio-8080-exec-9] INFO  (CrawlerUtil2.java:98) - Inilial link size is -> 283
2019-01-20 01:08:44,493 +0530 [11-21] INFO  (CrawlerUtil2.java:121) - 11-21:: End Iteration-->startIteration=>11 endIteration=>21
2019-01-20 01:08:44,516 +0530 [220-230] INFO  (CrawlerUtil2.java:121) - 220-230:: End Iteration-->startIteration=>220 endIteration=>230
2019-01-20 01:08:44,518 +0530 [231-241] INFO  (CrawlerUtil2.java:121) - 231-241:: End Iteration-->startIteration=>231 endIteration=>241
2019-01-20 01:08:44,511 +0530 [209-219] INFO  (CrawlerUtil2.java:121) - 209-219:: End Iteration-->startIteration=>209 endIteration=>219
2019-01-20 01:08:44,503 +0530 [143-153] INFO  (CrawlerUtil2.java:121) - 143-153:: End Iteration-->startIteration=>143 endIteration=>153
2019-01-20 01:08:44,538 +0530 [198-208] INFO  (CrawlerUtil2.java:121) - 198-208:: End Iteration-->startIteration=>198 endIteration=>208
2019-01-20 01:08:44,538 +0530 [275-283] INFO  (CrawlerUtil2.java:121) - 275-283:: End Iteration-->startIteration=>275 endIteration=>283
2019-01-20 01:08:44,538 +0530 [286-283] INFO  (CrawlerUtil2.java:121) - 286-283:: End Iteration-->startIteration=>286 endIteration=>283
2019-01-20 01:08:44,538 +0530 [297-283] INFO  (CrawlerUtil2.java:121) - 297-283:: End Iteration-->startIteration=>297 endIteration=>283
2019-01-20 01:08:44,541 +0530 [308-283] INFO  (CrawlerUtil2.java:121) - 308-283:: End Iteration-->startIteration=>308 endIteration=>283
2019-01-20 01:08:45,103 +0530 [110-120] INFO  (CrawlerUtil2.java:121) - 110-120:: End Iteration-->startIteration=>110 endIteration=>120
2019-01-20 01:08:45,150 +0530 [242-252] INFO  (CrawlerUtil2.java:121) - 242-252:: End Iteration-->startIteration=>242 endIteration=>252
2019-01-20 01:08:45,188 +0530 [99-109] INFO  (CrawlerUtil2.java:121) - 99-109:: End Iteration-->startIteration=>99 endIteration=>109
2019-01-20 01:08:45,285 +0530 [22-32] INFO  (CrawlerUtil2.java:121) - 22-32:: End Iteration-->startIteration=>22 endIteration=>32
2019-01-20 01:08:45,331 +0530 [264-274] INFO  (CrawlerUtil2.java:121) - 264-274:: End Iteration-->startIteration=>264 endIteration=>274
2019-01-20 01:08:45,714 +0530 [88-98] INFO  (CrawlerUtil2.java:121) - 88-98:: End Iteration-->startIteration=>88 endIteration=>98
2019-01-20 01:08:45,913 +0530 [33-43] INFO  (CrawlerUtil2.java:121) - 33-43:: End Iteration-->startIteration=>33 endIteration=>43
2019-01-20 01:08:46,614 +0530 [253-263] INFO  (CrawlerUtil2.java:121) - 253-263:: End Iteration-->startIteration=>253 endIteration=>263
2019-01-20 01:08:46,766 +0530 [176-186] INFO  (CrawlerUtil2.java:121) - 176-186:: End Iteration-->startIteration=>176 endIteration=>186
2019-01-20 01:08:48,256 +0530 [66-76] INFO  (CrawlerUtil2.java:121) - 66-76:: End Iteration-->startIteration=>66 endIteration=>76
2019-01-20 01:08:48,373 +0530 [165-175] INFO  (CrawlerUtil2.java:121) - 165-175:: End Iteration-->startIteration=>165 endIteration=>175
2019-01-20 01:08:50,750 +0530 [55-65] INFO  (CrawlerUtil2.java:121) - 55-65:: End Iteration-->startIteration=>55 endIteration=>65
2019-01-20 01:08:53,805 +0530 [187-197] INFO  (CrawlerUtil2.java:121) - 187-197:: End Iteration-->startIteration=>187 endIteration=>197
2019-01-20 01:08:55,347 +0530 [0-10] INFO  (CrawlerUtil2.java:121) - 0-10:: End Iteration-->startIteration=>0 endIteration=>10
2019-01-20 01:08:55,480 +0530 [44-54] INFO  (CrawlerUtil2.java:121) - 44-54:: End Iteration-->startIteration=>44 endIteration=>54
2019-01-20 01:08:55,635 +0530 [77-87] INFO  (CrawlerUtil2.java:121) - 77-87:: End Iteration-->startIteration=>77 endIteration=>87
2019-01-20 01:08:55,658 +0530 [154-164] INFO  (CrawlerUtil2.java:121) - 154-164:: End Iteration-->startIteration=>154 endIteration=>164
2019-01-20 01:08:55,758 +0530 [121-131] INFO  (CrawlerUtil2.java:121) - 121-131:: End Iteration-->startIteration=>121 endIteration=>131
2019-01-20 01:08:58,789 +0530 [132-142] INFO  (CrawlerUtil2.java:121) - 132-142:: End Iteration-->startIteration=>132 endIteration=>142
2019-01-20 01:08:58,791 +0530 [http-nio-8080-exec-9] INFO  (CrawlerUtil2.java:132) - before loop termination size of Map=>336
2019-01-20 12:15:35,765 +0530 [http-nio-8080-exec-2] INFO  (CrawlerUtil2.java:98) - Inilial link size is -> 283
2019-01-20 12:15:39,733 +0530 [121-131] INFO  (CrawlerUtil2.java:121) - 121-131:: End Iteration-->startIteration=>121 endIteration=>131
2019-01-20 12:15:39,743 +0530 [220-230] INFO  (CrawlerUtil2.java:121) - 220-230:: End Iteration-->startIteration=>220 endIteration=>230
2019-01-20 12:15:39,743 +0530 [231-241] INFO  (CrawlerUtil2.java:121) - 231-241:: End Iteration-->startIteration=>231 endIteration=>241
2019-01-20 12:15:40,042 +0530 [143-153] INFO  (CrawlerUtil2.java:121) - 143-153:: End Iteration-->startIteration=>143 endIteration=>153
2019-01-20 12:15:40,070 +0530 [110-120] INFO  (CrawlerUtil2.java:121) - 110-120:: End Iteration-->startIteration=>110 endIteration=>120
2019-01-20 12:15:40,050 +0530 [198-208] INFO  (CrawlerUtil2.java:121) - 198-208:: End Iteration-->startIteration=>198 endIteration=>208
2019-01-20 12:15:40,094 +0530 [275-283] INFO  (CrawlerUtil2.java:121) - 275-283:: End Iteration-->startIteration=>275 endIteration=>283
2019-01-20 12:15:40,095 +0530 [286-283] INFO  (CrawlerUtil2.java:121) - 286-283:: End Iteration-->startIteration=>286 endIteration=>283
2019-01-20 12:15:40,095 +0530 [297-283] INFO  (CrawlerUtil2.java:121) - 297-283:: End Iteration-->startIteration=>297 endIteration=>283
2019-01-20 12:15:40,095 +0530 [308-283] INFO  (CrawlerUtil2.java:121) - 308-283:: End Iteration-->startIteration=>308 endIteration=>283
2019-01-20 12:15:40,472 +0530 [176-186] INFO  (CrawlerUtil2.java:121) - 176-186:: End Iteration-->startIteration=>176 endIteration=>186
2019-01-20 12:15:40,479 +0530 [33-43] INFO  (CrawlerUtil2.java:121) - 33-43:: End Iteration-->startIteration=>33 endIteration=>43
2019-01-20 12:15:40,536 +0530 [154-164] INFO  (CrawlerUtil2.java:121) - 154-164:: End Iteration-->startIteration=>154 endIteration=>164
2019-01-20 12:15:41,249 +0530 [209-219] INFO  (CrawlerUtil2.java:121) - 209-219:: End Iteration-->startIteration=>209 endIteration=>219
2019-01-20 12:15:41,384 +0530 [66-76] INFO  (CrawlerUtil2.java:121) - 66-76:: End Iteration-->startIteration=>66 endIteration=>76
2019-01-20 12:15:41,498 +0530 [187-197] INFO  (CrawlerUtil2.java:121) - 187-197:: End Iteration-->startIteration=>187 endIteration=>197
2019-01-20 12:15:41,508 +0530 [165-175] INFO  (CrawlerUtil2.java:121) - 165-175:: End Iteration-->startIteration=>165 endIteration=>175
2019-01-20 12:15:41,561 +0530 [77-87] INFO  (CrawlerUtil2.java:121) - 77-87:: End Iteration-->startIteration=>77 endIteration=>87
2019-01-20 12:15:41,651 +0530 [253-263] INFO  (CrawlerUtil2.java:121) - 253-263:: End Iteration-->startIteration=>253 endIteration=>263
2019-01-20 12:15:41,872 +0530 [44-54] INFO  (CrawlerUtil2.java:121) - 44-54:: End Iteration-->startIteration=>44 endIteration=>54
2019-01-20 12:15:43,705 +0530 [99-109] INFO  (CrawlerUtil2.java:121) - 99-109:: End Iteration-->startIteration=>99 endIteration=>109
2019-01-20 12:15:45,004 +0530 [264-274] INFO  (CrawlerUtil2.java:121) - 264-274:: End Iteration-->startIteration=>264 endIteration=>274
2019-01-20 12:15:47,218 +0530 [0-10] INFO  (CrawlerUtil2.java:121) - 0-10:: End Iteration-->startIteration=>0 endIteration=>10
2019-01-20 12:15:47,857 +0530 [22-32] INFO  (CrawlerUtil2.java:121) - 22-32:: End Iteration-->startIteration=>22 endIteration=>32
2019-01-20 12:15:53,113 +0530 [55-65] INFO  (CrawlerUtil2.java:121) - 55-65:: End Iteration-->startIteration=>55 endIteration=>65
2019-01-20 12:15:54,047 +0530 [11-21] INFO  (CrawlerUtil2.java:121) - 11-21:: End Iteration-->startIteration=>11 endIteration=>21
2019-01-20 12:15:54,658 +0530 [242-252] INFO  (CrawlerUtil2.java:121) - 242-252:: End Iteration-->startIteration=>242 endIteration=>252
2019-01-20 12:15:58,479 +0530 [88-98] INFO  (CrawlerUtil2.java:121) - 88-98:: End Iteration-->startIteration=>88 endIteration=>98
2019-01-20 12:16:01,209 +0530 [132-142] INFO  (CrawlerUtil2.java:121) - 132-142:: End Iteration-->startIteration=>132 endIteration=>142
2019-01-20 12:16:01,209 +0530 [http-nio-8080-exec-2] INFO  (CrawlerUtil2.java:132) - before loop termination size of Map=>374
2019-01-20 13:02:53,943 +0530 [http-nio-8080-exec-10] INFO  (CrawlerUtil2.java:98) - Inilial link size is -> 283
2019-01-20 13:02:57,416 +0530 [11-21] INFO  (CrawlerUtil2.java:121) - 11-21:: End Iteration-->startIteration=>11 endIteration=>21
2019-01-20 13:02:57,492 +0530 [220-230] INFO  (CrawlerUtil2.java:121) - 220-230:: End Iteration-->startIteration=>220 endIteration=>230
2019-01-20 13:02:57,493 +0530 [231-241] INFO  (CrawlerUtil2.java:121) - 231-241:: End Iteration-->startIteration=>231 endIteration=>241
2019-01-20 13:02:57,403 +0530 [187-197] INFO  (CrawlerUtil2.java:121) - 187-197:: End Iteration-->startIteration=>187 endIteration=>197
2019-01-20 13:02:57,541 +0530 [154-164] INFO  (CrawlerUtil2.java:121) - 154-164:: End Iteration-->startIteration=>154 endIteration=>164
2019-01-20 13:02:57,566 +0530 [66-76] INFO  (CrawlerUtil2.java:121) - 66-76:: End Iteration-->startIteration=>66 endIteration=>76
2019-01-20 13:02:57,567 +0530 [275-283] INFO  (CrawlerUtil2.java:121) - 275-283:: End Iteration-->startIteration=>275 endIteration=>283
2019-01-20 13:02:57,567 +0530 [286-283] INFO  (CrawlerUtil2.java:121) - 286-283:: End Iteration-->startIteration=>286 endIteration=>283
2019-01-20 13:02:57,567 +0530 [297-283] INFO  (CrawlerUtil2.java:121) - 297-283:: End Iteration-->startIteration=>297 endIteration=>283
2019-01-20 13:02:57,568 +0530 [308-283] INFO  (CrawlerUtil2.java:121) - 308-283:: End Iteration-->startIteration=>308 endIteration=>283
2019-01-20 13:02:57,635 +0530 [77-87] INFO  (CrawlerUtil2.java:121) - 77-87:: End Iteration-->startIteration=>77 endIteration=>87
2019-01-20 13:02:57,641 +0530 [242-252] INFO  (CrawlerUtil2.java:121) - 242-252:: End Iteration-->startIteration=>242 endIteration=>252
2019-01-20 13:02:57,948 +0530 [22-32] INFO  (CrawlerUtil2.java:121) - 22-32:: End Iteration-->startIteration=>22 endIteration=>32
2019-01-20 13:02:58,163 +0530 [0-10] INFO  (CrawlerUtil2.java:121) - 0-10:: End Iteration-->startIteration=>0 endIteration=>10
2019-01-20 13:02:58,188 +0530 [209-219] INFO  (CrawlerUtil2.java:121) - 209-219:: End Iteration-->startIteration=>209 endIteration=>219
2019-01-20 13:02:58,285 +0530 [99-109] INFO  (CrawlerUtil2.java:121) - 99-109:: End Iteration-->startIteration=>99 endIteration=>109
2019-01-20 13:02:58,642 +0530 [132-142] INFO  (CrawlerUtil2.java:121) - 132-142:: End Iteration-->startIteration=>132 endIteration=>142
2019-01-20 13:02:58,722 +0530 [121-131] INFO  (CrawlerUtil2.java:121) - 121-131:: End Iteration-->startIteration=>121 endIteration=>131
2019-01-20 13:02:59,012 +0530 [143-153] INFO  (CrawlerUtil2.java:121) - 143-153:: End Iteration-->startIteration=>143 endIteration=>153
2019-01-20 13:02:59,591 +0530 [253-263] INFO  (CrawlerUtil2.java:121) - 253-263:: End Iteration-->startIteration=>253 endIteration=>263
2019-01-20 13:03:00,147 +0530 [110-120] INFO  (CrawlerUtil2.java:121) - 110-120:: End Iteration-->startIteration=>110 endIteration=>120
2019-01-20 13:03:04,367 +0530 [165-175] INFO  (CrawlerUtil2.java:121) - 165-175:: End Iteration-->startIteration=>165 endIteration=>175
2019-01-20 13:03:05,530 +0530 [88-98] INFO  (CrawlerUtil2.java:121) - 88-98:: End Iteration-->startIteration=>88 endIteration=>98
2019-01-20 13:03:07,282 +0530 [264-274] INFO  (CrawlerUtil2.java:121) - 264-274:: End Iteration-->startIteration=>264 endIteration=>274
2019-01-20 13:03:08,694 +0530 [33-43] INFO  (CrawlerUtil2.java:121) - 33-43:: End Iteration-->startIteration=>33 endIteration=>43
2019-01-20 13:03:08,819 +0530 [44-54] INFO  (CrawlerUtil2.java:121) - 44-54:: End Iteration-->startIteration=>44 endIteration=>54
2019-01-20 13:03:09,284 +0530 [198-208] INFO  (CrawlerUtil2.java:121) - 198-208:: End Iteration-->startIteration=>198 endIteration=>208
2019-01-20 13:03:27,475 +0530 [55-65] INFO  (CrawlerUtil2.java:121) - 55-65:: End Iteration-->startIteration=>55 endIteration=>65
2019-01-20 13:04:17,571 +0530 [176-186] INFO  (CrawlerUtil2.java:121) - 176-186:: End Iteration-->startIteration=>176 endIteration=>186
2019-01-20 13:04:17,574 +0530 [http-nio-8080-exec-10] INFO  (CrawlerUtil2.java:132) - before loop termination size of Map=>557
2019-01-20 14:28:42,747 +0530 [http-nio-8080-exec-6] INFO  (CrawlerUtil2.java:98) - Inilial link size is -> 283
2019-01-20 14:28:47,013 +0530 [132-142] INFO  (CrawlerUtil2.java:121) - 132-142:: End Iteration-->startIteration=>132 endIteration=>142
2019-01-20 14:28:47,025 +0530 [220-230] INFO  (CrawlerUtil2.java:121) - 220-230:: End Iteration-->startIteration=>220 endIteration=>230
2019-01-20 14:28:47,025 +0530 [231-241] INFO  (CrawlerUtil2.java:121) - 231-241:: End Iteration-->startIteration=>231 endIteration=>241
2019-01-20 14:28:47,058 +0530 [121-131] INFO  (CrawlerUtil2.java:121) - 121-131:: End Iteration-->startIteration=>121 endIteration=>131
2019-01-20 14:28:47,151 +0530 [77-87] INFO  (CrawlerUtil2.java:121) - 77-87:: End Iteration-->startIteration=>77 endIteration=>87
2019-01-20 14:28:47,650 +0530 [253-263] INFO  (CrawlerUtil2.java:121) - 253-263:: End Iteration-->startIteration=>253 endIteration=>263
2019-01-20 14:28:47,650 +0530 [275-283] INFO  (CrawlerUtil2.java:121) - 275-283:: End Iteration-->startIteration=>275 endIteration=>283
2019-01-20 14:28:47,650 +0530 [286-283] INFO  (CrawlerUtil2.java:121) - 286-283:: End Iteration-->startIteration=>286 endIteration=>283
2019-01-20 14:28:47,651 +0530 [297-283] INFO  (CrawlerUtil2.java:121) - 297-283:: End Iteration-->startIteration=>297 endIteration=>283
2019-01-20 14:28:47,651 +0530 [308-283] INFO  (CrawlerUtil2.java:121) - 308-283:: End Iteration-->startIteration=>308 endIteration=>283
2019-01-20 14:28:48,175 +0530 [11-21] INFO  (CrawlerUtil2.java:121) - 11-21:: End Iteration-->startIteration=>11 endIteration=>21
2019-01-20 14:28:48,322 +0530 [0-10] INFO  (CrawlerUtil2.java:121) - 0-10:: End Iteration-->startIteration=>0 endIteration=>10
2019-01-20 14:28:48,350 +0530 [154-164] INFO  (CrawlerUtil2.java:121) - 154-164:: End Iteration-->startIteration=>154 endIteration=>164
2019-01-20 14:28:48,352 +0530 [143-153] INFO  (CrawlerUtil2.java:121) - 143-153:: End Iteration-->startIteration=>143 endIteration=>153
2019-01-20 14:28:48,622 +0530 [198-208] INFO  (CrawlerUtil2.java:121) - 198-208:: End Iteration-->startIteration=>198 endIteration=>208
2019-01-20 14:28:48,799 +0530 [44-54] INFO  (CrawlerUtil2.java:121) - 44-54:: End Iteration-->startIteration=>44 endIteration=>54
2019-01-20 14:28:49,118 +0530 [187-197] INFO  (CrawlerUtil2.java:121) - 187-197:: End Iteration-->startIteration=>187 endIteration=>197
2019-01-20 14:28:49,143 +0530 [22-32] INFO  (CrawlerUtil2.java:121) - 22-32:: End Iteration-->startIteration=>22 endIteration=>32
2019-01-20 14:28:49,404 +0530 [66-76] INFO  (CrawlerUtil2.java:121) - 66-76:: End Iteration-->startIteration=>66 endIteration=>76
2019-01-20 14:28:52,091 +0530 [55-65] INFO  (CrawlerUtil2.java:121) - 55-65:: End Iteration-->startIteration=>55 endIteration=>65
2019-01-20 14:28:52,436 +0530 [209-219] INFO  (CrawlerUtil2.java:121) - 209-219:: End Iteration-->startIteration=>209 endIteration=>219
2019-01-20 14:28:53,693 +0530 [110-120] INFO  (CrawlerUtil2.java:121) - 110-120:: End Iteration-->startIteration=>110 endIteration=>120
2019-01-20 14:28:53,777 +0530 [99-109] INFO  (CrawlerUtil2.java:121) - 99-109:: End Iteration-->startIteration=>99 endIteration=>109
2019-01-20 14:28:53,948 +0530 [264-274] INFO  (CrawlerUtil2.java:121) - 264-274:: End Iteration-->startIteration=>264 endIteration=>274
2019-01-20 14:28:56,540 +0530 [88-98] INFO  (CrawlerUtil2.java:121) - 88-98:: End Iteration-->startIteration=>88 endIteration=>98
2019-01-20 14:28:57,046 +0530 [242-252] INFO  (CrawlerUtil2.java:121) - 242-252:: End Iteration-->startIteration=>242 endIteration=>252
2019-01-20 14:29:03,218 +0530 [165-175] INFO  (CrawlerUtil2.java:121) - 165-175:: End Iteration-->startIteration=>165 endIteration=>175
2019-01-20 14:29:47,524 +0530 [176-186] INFO  (CrawlerUtil2.java:121) - 176-186:: End Iteration-->startIteration=>176 endIteration=>186
2019-01-20 14:30:20,454 +0530 [33-43] INFO  (CrawlerUtil2.java:121) - 33-43:: End Iteration-->startIteration=>33 endIteration=>43
2019-01-20 14:30:20,465 +0530 [http-nio-8080-exec-6] INFO  (CrawlerUtil2.java:132) - before loop termination size of Map=>665
